# JRE version: OpenJDK Runtime Environment 21.9 (17.0.3+6) (build 17.0.3+6-LTS)
# Java VM: OpenJDK 64-Bit Server VM 21.9 (17.0.3+6-LTS, mixed mode, sharing, tiered, compressed oops, compressed class ptrs, g1 gc, windows-amd64)
GC Precious Log:
 CPUs: 8 total, 8 available
 Memory: 16107M
 Large Page Support: Disabled
 NUMA Support: Disabled
 Compressed Oops: Enabled (32-bit)
 Heap Region Size: 1M
 Heap Min Capacity: 256M
 Heap Initial Capacity: 256M
 Heap Max Capacity: 512M
 Pre-touch: Disabled
 Parallel Workers: 8
 Concurrent Workers: 2
 Concurrent Refinement Workers: 8
 Periodic GC: Disabled
Heap:
 garbage-first heap   total 262144K, used 100558K [0x00000000e0000000, 0x0000000100000000)
  region size 1024K, 69 young (70656K), 1 survivors (1024K)
 Metaspace       used 43035K, committed 43520K, reserved 356352K
  class space    used 6024K, committed 6272K, reserved 315392K
GC Heap History (12 events):
Event: 6.703 GC heap before
{Heap before GC invocations=0 (full 0):
 garbage-first heap   total 262144K, used 26624K [0x00000000e0000000, 0x0000000100000000)
  region size 1024K, 23 young (23552K), 0 survivors (0K)
 Metaspace       used 3023K, committed 3136K, reserved 323584K
  class space    used 385K, committed 448K, reserved 315392K
}
Event: 6.726 GC heap after
{Heap after GC invocations=1 (full 0):
 garbage-first heap   total 262144K, used 10650K [0x00000000e0000000, 0x0000000100000000)
  region size 1024K, 3 young (3072K), 3 survivors (3072K)
 Metaspace       used 3023K, committed 3136K, reserved 323584K
  class space    used 385K, committed 448K, reserved 315392K
}
Event: 9.960 GC heap before
{Heap before GC invocations=1 (full 0):
 garbage-first heap   total 262144K, used 37274K [0x00000000e0000000, 0x0000000100000000)
  region size 1024K, 29 young (29696K), 3 survivors (3072K)
 Metaspace       used 4046K, committed 4224K, reserved 323584K
  class space    used 497K, committed 576K, reserved 315392K
}
Event: 9.963 GC heap after
{Heap after GC invocations=2 (full 0):
 garbage-first heap   total 262144K, used 11512K [0x00000000e0000000, 0x0000000100000000)
  region size 1024K, 1 young (1024K), 1 survivors (1024K)
 Metaspace       used 4046K, committed 4224K, reserved 323584K
  class space    used 497K, committed 576K, reserved 315392K
}
Event: 16.733 GC heap before
{Heap before GC invocations=2 (full 0):
 garbage-first heap   total 262144K, used 131320K [0x00000000e0000000, 0x0000000100000000)
  region size 1024K, 118 young (120832K), 1 survivors (1024K)
 Metaspace       used 21215K, committed 21504K, reserved 339968K
  class space    used 3125K, committed 3264K, reserved 315392K
}
Event: 16.757 GC heap after
{Heap after GC invocations=3 (full 0):
 garbage-first heap   total 262144K, used 22490K [0x00000000e0000000, 0x0000000100000000)
  region size 1024K, 12 young (12288K), 12 survivors (12288K)
 Metaspace       used 21215K, committed 21504K, reserved 339968K
  class space    used 3125K, committed 3264K, reserved 315392K
}
Event: 49.773 GC heap before
{Heap before GC invocations=4 (full 0):
 garbage-first heap   total 262144K, used 144346K [0x00000000e0000000, 0x0000000100000000)
  region size 1024K, 128 young (131072K), 12 survivors (12288K)
 Metaspace       used 35728K, committed 36160K, reserved 348160K
  class space    used 4989K, committed 5184K, reserved 315392K
}
Event: 49.786 GC heap after
{Heap after GC invocations=5 (full 0):
 garbage-first heap   total 262144K, used 31791K [0x00000000e0000000, 0x0000000100000000)
  region size 1024K, 10 young (10240K), 10 survivors (10240K)
 Metaspace       used 35728K, committed 36160K, reserved 348160K
  class space    used 4989K, committed 5184K, reserved 315392K
}
Event: 49.829 GC heap before
{Heap before GC invocations=5 (full 0):
 garbage-first heap   total 262144K, used 32815K [0x00000000e0000000, 0x0000000100000000)
  region size 1024K, 12 young (12288K), 10 survivors (10240K)
 Metaspace       used 36049K, committed 36480K, reserved 348160K
  class space    used 5033K, committed 5248K, reserved 315392K
}
Event: 49.835 GC heap after
{Heap after GC invocations=6 (full 0):
 garbage-first heap   total 262144K, used 31543K [0x00000000e0000000, 0x0000000100000000)
  region size 1024K, 1 young (1024K), 1 survivors (1024K)
 Metaspace       used 36049K, committed 36480K, reserved 348160K
  class space    used 5033K, committed 5248K, reserved 315392K
}
Event: 49.840 GC heap before
{Heap before GC invocations=6 (full 0):
 garbage-first heap   total 262144K, used 31543K [0x00000000e0000000, 0x0000000100000000)
  region size 1024K, 2 young (2048K), 1 survivors (1024K)
 Metaspace       used 36089K, committed 36480K, reserved 348160K
  class space    used 5042K, committed 5248K, reserved 315392K
}
Event: 49.842 GC heap after
{Heap after GC invocations=7 (full 0):
 garbage-first heap   total 262144K, used 30926K [0x00000000e0000000, 0x0000000100000000)
  region size 1024K, 1 young (1024K), 1 survivors (1024K)
 Metaspace       used 36089K, committed 36480K, reserved 348160K
  class space    used 5042K, committed 5248K, reserved 315392K
}

